c:\users\harri\desktop\opengl voxel current\opengl voxels\opengl voxels\debug\vc141.pdb
c:\users\harri\desktop\opengl voxel current\opengl voxels\opengl voxels\debug\vc141.idb
c:\users\harri\desktop\opengl voxel current\opengl voxels\opengl voxels\debug\ftsystem.obj
c:\users\harri\desktop\opengl voxel current\opengl voxels\opengl voxels\debug\ftsynth.obj
c:\users\harri\desktop\opengl voxel current\opengl voxels\opengl voxels\debug\ftstroke.obj
c:\users\harri\desktop\opengl voxel current\opengl voxels\opengl voxels\debug\ftpfr.obj
c:\users\harri\desktop\opengl voxel current\opengl voxels\opengl voxels\debug\ftpatent.obj
c:\users\harri\desktop\opengl voxel current\opengl voxels\opengl voxels\debug\ftotval.obj
c:\users\harri\desktop\opengl voxel current\opengl voxels\opengl voxels\debug\ftmm.obj
c:\users\harri\desktop\opengl voxel current\opengl voxels\opengl voxels\debug\ftinit.obj
c:\users\harri\desktop\opengl voxel current\opengl voxels\opengl voxels\debug\ftgxval.obj
c:\users\harri\desktop\opengl voxel current\opengl voxels\opengl voxels\debug\ftglyph.obj
c:\users\harri\desktop\opengl voxel current\opengl voxels\opengl voxels\debug\ftgasp.obj
c:\users\harri\desktop\opengl voxel current\opengl voxels\opengl voxels\debug\ftfstype.obj
c:\users\harri\desktop\opengl voxel current\opengl voxels\opengl voxels\debug\ftdebug.obj
c:\users\harri\desktop\opengl voxel current\opengl voxels\opengl voxels\debug\ftcid.obj
c:\users\harri\desktop\opengl voxel current\opengl voxels\opengl voxels\debug\ftbitmap.obj
c:\users\harri\desktop\opengl voxel current\opengl voxels\opengl voxels\debug\ftbdf.obj
c:\users\harri\desktop\opengl voxel current\opengl voxels\opengl voxels\debug\ftbbox.obj
c:\users\harri\desktop\opengl voxel current\opengl voxels\opengl voxels\debug\ftbase.obj
c:\users\harri\desktop\opengl voxel current\opengl voxels\opengl voxels\debug\autofit.obj
c:\users\harri\desktop\opengl voxel current\opengl voxels\opengl voxels\debug\glad.obj
c:\users\harri\desktop\opengl voxel current\opengl voxels\opengl voxels\debug\winfnt.obj
c:\users\harri\desktop\opengl voxel current\opengl voxels\opengl voxels\debug\type42.obj
c:\users\harri\desktop\opengl voxel current\opengl voxels\opengl voxels\debug\type1.obj
c:\users\harri\desktop\opengl voxel current\opengl voxels\opengl voxels\debug\truetype.obj
c:\users\harri\desktop\opengl voxel current\opengl voxels\opengl voxels\debug\smooth.obj
c:\users\harri\desktop\opengl voxel current\opengl voxels\opengl voxels\debug\sfnt.obj
c:\users\harri\desktop\opengl voxel current\opengl voxels\opengl voxels\debug\raster.obj
c:\users\harri\desktop\opengl voxel current\opengl voxels\opengl voxels\debug\psmodule.obj
c:\users\harri\desktop\opengl voxel current\opengl voxels\opengl voxels\debug\pshinter.obj
c:\users\harri\desktop\opengl voxel current\opengl voxels\opengl voxels\debug\psaux.obj
c:\users\harri\desktop\opengl voxel current\opengl voxels\opengl voxels\debug\pfr.obj
c:\users\harri\desktop\opengl voxel current\opengl voxels\opengl voxels\debug\pcf.obj
c:\users\harri\desktop\opengl voxel current\opengl voxels\opengl voxels\debug\ftlzw.obj
c:\users\harri\desktop\opengl voxel current\opengl voxels\opengl voxels\debug\ftgzip.obj
c:\users\harri\desktop\opengl voxel current\opengl voxels\opengl voxels\debug\type1cid.obj
c:\users\harri\desktop\opengl voxel current\opengl voxels\opengl voxels\debug\cff.obj
c:\users\harri\desktop\opengl voxel current\opengl voxels\opengl voxels\debug\ftcache.obj
c:\users\harri\desktop\opengl voxel current\opengl voxels\opengl voxels\debug\bdf.obj
c:\users\harri\desktop\opengl voxel current\opengl voxels\opengl voxels\debug\ftwinfnt.obj
c:\users\harri\desktop\opengl voxel current\opengl voxels\opengl voxels\debug\fttype1.obj
c:\users\harri\desktop\opengl voxel current\opengl voxels\opengl voxels\debug\stb_image.obj
c:\users\harri\desktop\opengl voxel current\opengl voxels\opengl voxels\debug\vector.obj
c:\users\harri\desktop\opengl voxel current\opengl voxels\opengl voxels\debug\utf8-utils.obj
c:\users\harri\desktop\opengl voxel current\opengl voxels\opengl voxels\debug\texture-atlas.obj
c:\users\harri\desktop\opengl voxel current\opengl voxels\opengl voxels\debug\platform.obj
c:\users\harri\desktop\opengl voxel current\opengl voxels\opengl voxels\debug\edtaa3func.obj
c:\users\harri\desktop\opengl voxel current\opengl voxels\opengl voxels\debug\distance-field.obj
c:\users\harri\desktop\opengl voxel current\opengl voxels\opengl voxels\debug\text-buffer.obj
c:\users\harri\desktop\opengl voxel current\opengl voxels\opengl voxels\debug\makefont.obj
c:\users\harri\desktop\opengl voxel current\opengl voxels\opengl voxels\debug\vertex-buffer.obj
c:\users\harri\desktop\opengl voxel current\opengl voxels\opengl voxels\debug\vertex-attribute.obj
c:\users\harri\desktop\opengl voxel current\opengl voxels\opengl voxels\debug\texture-font.obj
c:\users\harri\desktop\opengl voxel current\opengl voxels\opengl voxels\debug\font-manager.obj
c:\users\harri\desktop\opengl voxel current\opengl voxels\opengl voxels\debug\window.obj
c:\users\harri\desktop\opengl voxel current\opengl voxels\opengl voxels\debug\texture.obj
c:\users\harri\desktop\opengl voxel current\opengl voxels\opengl voxels\debug\shape.obj
c:\users\harri\desktop\opengl voxel current\opengl voxels\opengl voxels\debug\shader.obj
c:\users\harri\desktop\opengl voxel current\opengl voxels\opengl voxels\debug\mesh.obj
c:\users\harri\desktop\opengl voxel current\opengl voxels\opengl voxels\debug\main.obj
c:\users\harri\desktop\opengl voxel current\opengl voxels\opengl voxels\debug\face.obj
c:\users\harri\desktop\opengl voxel current\opengl voxels\opengl voxels\debug\chunk.obj
c:\users\harri\desktop\opengl voxel current\opengl voxels\opengl voxels\debug\block.obj
c:\users\harri\desktop\opengl voxel current\opengl voxels\opengl voxels\debug\basicshape.obj
c:\users\harri\desktop\opengl voxel current\opengl voxels\debug\opengl voxels.exe
c:\users\harri\desktop\opengl voxel current\opengl voxels\debug\opengl voxels.ilk
c:\users\harri\desktop\opengl voxel current\opengl voxels\debug\opengl voxels.pdb
c:\users\harri\desktop\opengl voxel current\opengl voxels\debug\opengl voxels.lib
c:\users\harri\desktop\opengl voxel current\opengl voxels\debug\opengl voxels.exp
c:\users\harri\desktop\opengl voxel current\opengl voxels\opengl voxels\debug\ftver.res
c:\users\harri\desktop\opengl voxel current\opengl voxels\opengl voxels\debug\opengl voxels.tlog\cl.command.1.tlog
c:\users\harri\desktop\opengl voxel current\opengl voxels\opengl voxels\debug\opengl voxels.tlog\cl.read.1.tlog
c:\users\harri\desktop\opengl voxel current\opengl voxels\opengl voxels\debug\opengl voxels.tlog\cl.write.1.tlog
c:\users\harri\desktop\opengl voxel current\opengl voxels\opengl voxels\debug\opengl voxels.tlog\link.command.1.tlog
c:\users\harri\desktop\opengl voxel current\opengl voxels\opengl voxels\debug\opengl voxels.tlog\link.read.1.tlog
c:\users\harri\desktop\opengl voxel current\opengl voxels\opengl voxels\debug\opengl voxels.tlog\link.write.1.tlog
c:\users\harri\desktop\opengl voxel current\opengl voxels\opengl voxels\debug\opengl voxels.tlog\opengl voxels.write.1u.tlog
c:\users\harri\desktop\opengl voxel current\opengl voxels\opengl voxels\debug\opengl voxels.tlog\rc.command.1.tlog
c:\users\harri\desktop\opengl voxel current\opengl voxels\opengl voxels\debug\opengl voxels.tlog\rc.read.1.tlog
c:\users\harri\desktop\opengl voxel current\opengl voxels\opengl voxels\debug\opengl voxels.tlog\rc.write.1.tlog
